Using pre-set license
Built from '2020.3/staging' branch; Version is '2020.3.32f1 (12f8b0834f07) revision 1243312'; Using compiler version '192528614'; Build Type 'Release'
OS: 'Windows 10  (10.0.19044) 64bit Core' Language: 'en' Physical Memory: 49112 MB
BatchMode: 1, IsHumanControllingUs: 0, StartBugReporterOnCrash: 0, Is64bit: 1, IsPro: 0

COMMAND LINE ARGUMENTS:
C:\Program Files\Unity 2020.3.32f1\Editor\Unity.exe
-adb2
-batchMode
-noUpm
-name
AssetImportWorker0
-projectPath
C:/Users/andre/Desktop/Project-GD
-logFile
Logs/AssetImportWorker0.log
-srvPort
1093
Successfully changed project path to: C:/Users/andre/Desktop/Project-GD
C:/Users/andre/Desktop/Project-GD
Using Asset Import Pipeline V2.
Refreshing native plugins compatible for Editor in 61.73 ms, found 3 plugins.
Preloading 0 native plugins for Editor in 0.00 ms.
Initialize engine version: 2020.3.32f1 (12f8b0834f07)
[Subsystems] Discovering subsystems at path C:/Program Files/Unity 2020.3.32f1/Editor/Data/Resources/UnitySubsystems
[Subsystems] Discovering subsystems at path C:/Users/andre/Desktop/Project-GD/Assets
GfxDevice: creating device client; threaded=0
Direct3D:
    Version:  Direct3D 11.0 [level 11.1]
    Renderer: NVIDIA GeForce GTX 970 (ID=0x13c2)
    Vendor:   
    VRAM:     4043 MB
    Driver:   30.0.15.1277
Initialize mono
Mono path[0] = 'C:/Program Files/Unity 2020.3.32f1/Editor/Data/Managed'
Mono path[1] = 'C:/Program Files/Unity 2020.3.32f1/Editor/Data/MonoBleedingEdge/lib/mono/unityjit'
Mono config path = 'C:/Program Files/Unity 2020.3.32f1/Editor/Data/MonoBleedingEdge/etc'
Using monoOptions --debugger-agent=transport=dt_socket,embedding=1,server=y,suspend=n,address=127.0.0.1:56932
Begin MonoManager ReloadAssembly
Registering precompiled unity dll's ...
Register platform support module: C:/Program Files/Unity 2020.3.32f1/Editor/Data/PlaybackEngines/WindowsStandaloneSupport/UnityEditor.WindowsStandalone.Extensions.dll
Registered in 0.003553 seconds.
Native extension for WindowsStandalone target not found
Refreshing native plugins compatible for Editor in 70.14 ms, found 3 plugins.
Preloading 0 native plugins for Editor in 0.00 ms.
Mono: successfully reloaded assembly
- Completed reload, in  0.765 seconds
Domain Reload Profiling:
	ReloadAssembly (765ms)
		BeginReloadAssembly (76ms)
			ExecutionOrderSort (0ms)
			DisableScriptedObjects (0ms)
			BackupInstance (0ms)
			ReleaseScriptingObjects (0ms)
			CreateAndSetChildDomain (1ms)
		EndReloadAssembly (600ms)
			LoadAssemblies (73ms)
			RebuildTransferFunctionScriptingTraits (0ms)
			SetupTypeCache (187ms)
			ReleaseScriptCaches (0ms)
			RebuildScriptCaches (46ms)
			SetupLoadedEditorAssemblies (222ms)
				LogAssemblyErrors (0ms)
				InitializePlatformSupportModulesInManaged (5ms)
				SetLoadedEditorAssemblies (0ms)
				RefreshPlugins (70ms)
				BeforeProcessingInitializeOnLoad (10ms)
				ProcessInitializeOnLoadAttributes (102ms)
				ProcessInitializeOnLoadMethodAttributes (34ms)
				AfterProcessingInitializeOnLoad (0ms)
				EditorAssembliesLoaded (0ms)
			ExecutionOrderSort2 (0ms)
			AwakeInstancesAfterBackupRestoration (0ms)
Platform modules already initialized, skipping
Registering precompiled user dll's ...
Registered in 0.006779 seconds.
Begin MonoManager ReloadAssembly
Native extension for WindowsStandalone target not found
Refreshing native plugins compatible for Editor in 68.94 ms, found 3 plugins.
Preloading 0 native plugins for Editor in 0.00 ms.
Mono: successfully reloaded assembly
- Completed reload, in  1.299 seconds
Domain Reload Profiling:
	ReloadAssembly (1300ms)
		BeginReloadAssembly (174ms)
			ExecutionOrderSort (0ms)
			DisableScriptedObjects (5ms)
			BackupInstance (0ms)
			ReleaseScriptingObjects (0ms)
			CreateAndSetChildDomain (20ms)
		EndReloadAssembly (1059ms)
			LoadAssemblies (138ms)
			RebuildTransferFunctionScriptingTraits (0ms)
			SetupTypeCache (347ms)
			ReleaseScriptCaches (1ms)
			RebuildScriptCaches (57ms)
			SetupLoadedEditorAssemblies (382ms)
				LogAssemblyErrors (0ms)
				InitializePlatformSupportModulesInManaged (3ms)
				SetLoadedEditorAssemblies (0ms)
				RefreshPlugins (69ms)
				BeforeProcessingInitializeOnLoad (81ms)
				ProcessInitializeOnLoadAttributes (202ms)
				ProcessInitializeOnLoadMethodAttributes (18ms)
				AfterProcessingInitializeOnLoad (9ms)
				EditorAssembliesLoaded (0ms)
			ExecutionOrderSort2 (0ms)
			AwakeInstancesAfterBackupRestoration (6ms)
Platform modules already initialized, skipping
========================================================================
Worker process is ready to serve import requests
Launched and connected shader compiler UnityShaderCompiler.exe after 0.07 seconds
Refreshing native plugins compatible for Editor in 0.86 ms, found 3 plugins.
Preloading 0 native plugins for Editor in 0.00 ms.
Unloading 2205 Unused Serialized files (Serialized files now loaded: 0)
System memory in use before: 97.2 MB.
System memory in use after: 97.1 MB.

Unloading 31 unused Assets to reduce memory usage. Loaded Objects now: 2638.
Total: 5.389300 ms (FindLiveObjects: 1.139100 ms CreateObjectMapping: 0.547500 ms MarkObjects: 3.567700 ms  DeleteObjects: 0.134000 ms)

AssetImportParameters requested are different than current active one (requested -> active):
  custom:framework-win-MediaFoundation: 216162199b28c13a410421893ffa2e32 -> 
  custom:video-decoder-ogg-theora: a1e56fd34408186e4bbccfd4996cb3dc -> 
  custom:container-muxer-webm: aa71ff27fc2769a1b78a27578f13a17b -> 
  custom:container-demuxer-webm: 4f35f7cbe854078d1ac9338744f61a02 -> 
  custom:container-demuxer-ogg: 62fdf1f143b41e24485cea50d1cbac27 -> 
  custom:video-encoder-webm-vp8: eb34c28f22e8b96e1ab97ce403110664 -> 
  custom:video-decoder-webm-vp8: 9c59270c3fd7afecdb556c50c9e8de78 -> 
  custom:audio-decoder-ogg-vorbis: bf7c407c2cedff20999df2af8eb42d56 -> 
  custom:audio-encoder-webm-vorbis: bf7c407c2cedff20999df2af8eb42d56 -> 
========================================================================
Received Import Request.
  path: Assets/Scenes/SampleScene.unity
  artifactKey: Guid(2cda990e2423bbf4892e6590ba056729) Importer(815301076,1909f56bfc062723c751e8b465ee728b)
Start importing Assets/Scenes/SampleScene.unity using Guid(2cda990e2423bbf4892e6590ba056729) Importer(815301076,1909f56bfc062723c751e8b465ee728b)  -> (artifact id: '5be9d99c79a626149db6ff4039ff3b60') in 0.004627 seconds 
========================================================================
Received Import Request.
  Time since last request: 12.172594 seconds.
  path: Assets/Scenes 1/SampleScene.unity
  artifactKey: Guid(b24bdd2f52caaec43900ab74a72bac3d) Importer(815301076,1909f56bfc062723c751e8b465ee728b)
Start importing Assets/Scenes 1/SampleScene.unity using Guid(b24bdd2f52caaec43900ab74a72bac3d) Importer(815301076,1909f56bfc062723c751e8b465ee728b)  -> (artifact id: 'a74f30fb862db25d3607f73f7293d508') in 0.001821 seconds 
========================================================================
Received Import Request.
  Time since last request: 5.579335 seconds.
  path: Assets/Scenes 1/Latest scene.unity
  artifactKey: Guid(231083b82ae277c4e83425577c195b55) Importer(815301076,1909f56bfc062723c751e8b465ee728b)
Start importing Assets/Scenes 1/Latest scene.unity using Guid(231083b82ae277c4e83425577c195b55) Importer(815301076,1909f56bfc062723c751e8b465ee728b)  -> (artifact id: '99e03cefc21d4acfe87b5bd346394062') in 0.002190 seconds 
========================================================================
Received Import Request.
  Time since last request: 59.487232 seconds.
  path: Assets/palletes/New Palette.prefab
  artifactKey: Guid(6cba1af2b9bbb2c4a83335fbd894a8c6) Importer(815301076,1909f56bfc062723c751e8b465ee728b)
Start importing Assets/palletes/New Palette.prefab using Guid(6cba1af2b9bbb2c4a83335fbd894a8c6) Importer(815301076,1909f56bfc062723c751e8b465ee728b)  -> (artifact id: '42ec68d0322d1522f3c58709c84cfe19') in 0.312431 seconds 
========================================================================
Received Import Request.
  Time since last request: 5.507519 seconds.
  path: Assets/Animation/Bullet_collision.anim
  artifactKey: Guid(ff116376a0cc2bb429f144799c8f3dcd) Importer(815301076,1909f56bfc062723c751e8b465ee728b)
Start importing Assets/Animation/Bullet_collision.anim using Guid(ff116376a0cc2bb429f144799c8f3dcd) Importer(815301076,1909f56bfc062723c751e8b465ee728b)  -> (artifact id: '8850578587bf026b7c728d889ffab61e') in 0.004522 seconds 
========================================================================
Received Import Request.
  Time since last request: 3.015404 seconds.
  path: Assets/Animation/FirePoint.controller
  artifactKey: Guid(28275347231ed7144979c1c5b084ef39) Importer(815301076,1909f56bfc062723c751e8b465ee728b)
Start importing Assets/Animation/FirePoint.controller using Guid(28275347231ed7144979c1c5b084ef39) Importer(815301076,1909f56bfc062723c751e8b465ee728b)  -> (artifact id: '2551f9786a9640941d7c60c816c6cddc') in 0.005656 seconds 
========================================================================
Received Import Request.
  Time since last request: 84.394634 seconds.
  path: Assets/Warped Caves/Artwork
  artifactKey: Guid(b938a8bf4e83049c399e141cb70dbeb4) Importer(815301076,1909f56bfc062723c751e8b465ee728b)
Start importing Assets/Warped Caves/Artwork using Guid(b938a8bf4e83049c399e141cb70dbeb4) Importer(815301076,1909f56bfc062723c751e8b465ee728b)  -> (artifact id: 'da67e1bd243832f64652cb69f1f02c92') in 0.002299 seconds 
========================================================================
Received Import Request.
  Time since last request: 0.602469 seconds.
  path: Assets/Warped Caves/Artwork/Sprites
  artifactKey: Guid(246d35eb3ae0a4a1dbb289c2b7543cda) Importer(815301076,1909f56bfc062723c751e8b465ee728b)
Start importing Assets/Warped Caves/Artwork/Sprites using Guid(246d35eb3ae0a4a1dbb289c2b7543cda) Importer(815301076,1909f56bfc062723c751e8b465ee728b)  -> (artifact id: '5928c96096e984c72ea64ddc2145f051') in 0.002853 seconds 
========================================================================
Received Import Request.
  Time since last request: 0.600314 seconds.
  path: Assets/Warped Caves/Artwork/Sprites/Fx
  artifactKey: Guid(494528a1b3894449db1e40a654ee8541) Importer(815301076,1909f56bfc062723c751e8b465ee728b)
Start importing Assets/Warped Caves/Artwork/Sprites/Fx using Guid(494528a1b3894449db1e40a654ee8541) Importer(815301076,1909f56bfc062723c751e8b465ee728b)  -> (artifact id: 'e6be80f3ce7b252567cea14e81c7bca4') in 0.001749 seconds 
========================================================================
Received Import Request.
  Time since last request: 0.547868 seconds.
  path: Assets/Warped Caves/Artwork/Sprites/Fx/impact
  artifactKey: Guid(cb98e50058e4344a4a58ebe6d927ff3e) Importer(815301076,1909f56bfc062723c751e8b465ee728b)
Start importing Assets/Warped Caves/Artwork/Sprites/Fx/impact using Guid(cb98e50058e4344a4a58ebe6d927ff3e) Importer(815301076,1909f56bfc062723c751e8b465ee728b)  -> (artifact id: '6691263d3ff6cd666d65579c33edea90') in 0.001729 seconds 
========================================================================
Received Import Request.
  Time since last request: 41.163240 seconds.
  path: Assets/Scenes/Samp.unity
  artifactKey: Guid(54d46c0ec4f2d984cac0a08b35fce9f8) Importer(815301076,1909f56bfc062723c751e8b465ee728b)
Start importing Assets/Scenes/Samp.unity using Guid(54d46c0ec4f2d984cac0a08b35fce9f8) Importer(815301076,1909f56bfc062723c751e8b465ee728b)  -> (artifact id: 'd2c19d9a5e7dbae9adc5e5bf6b692ef4') in 0.002377 seconds 
========================================================================
Received Import Request.
  Time since last request: 2572.892236 seconds.
  path: Assets/Scenes/Samp.unity
  artifactKey: Guid(54d46c0ec4f2d984cac0a08b35fce9f8) Importer(815301076,1909f56bfc062723c751e8b465ee728b)
Start importing Assets/Scenes/Samp.unity using Guid(54d46c0ec4f2d984cac0a08b35fce9f8) Importer(815301076,1909f56bfc062723c751e8b465ee728b)  -> (artifact id: 'ad105ed6c064de6339cd7273c1e03bf9') in 0.002127 seconds 
========================================================================
Received Import Request.
  Time since last request: 65.762253 seconds.
  path: Assets/Scenes/SampleScene.unity
  artifactKey: Guid(b24bdd2f52caaec43900ab74a72bac3d) Importer(815301076,1909f56bfc062723c751e8b465ee728b)
Start importing Assets/Scenes/SampleScene.unity using Guid(b24bdd2f52caaec43900ab74a72bac3d) Importer(815301076,1909f56bfc062723c751e8b465ee728b)  -> (artifact id: 'f173ac554c32528013639a5a8dc060e9') in 0.002293 seconds 
========================================================================
Received Prepare
Registering precompiled user dll's ...
Registered in 0.003692 seconds.
Begin MonoManager ReloadAssembly
Native extension for WindowsStandalone target not found
Refreshing native plugins compatible for Editor in 0.51 ms, found 3 plugins.
Preloading 0 native plugins for Editor in 0.00 ms.
Mono: successfully reloaded assembly
- Completed reload, in  1.077 seconds
Domain Reload Profiling:
	ReloadAssembly (1078ms)
		BeginReloadAssembly (129ms)
			ExecutionOrderSort (0ms)
			DisableScriptedObjects (7ms)
			BackupInstance (0ms)
			ReleaseScriptingObjects (0ms)
			CreateAndSetChildDomain (37ms)
		EndReloadAssembly (882ms)
			LoadAssemblies (102ms)
			RebuildTransferFunctionScriptingTraits (0ms)
			SetupTypeCache (323ms)
			ReleaseScriptCaches (1ms)
			RebuildScriptCaches (47ms)
			SetupLoadedEditorAssemblies (304ms)
				LogAssemblyErrors (0ms)
				InitializePlatformSupportModulesInManaged (4ms)
				SetLoadedEditorAssemblies (0ms)
				RefreshPlugins (1ms)
				BeforeProcessingInitializeOnLoad (64ms)
				ProcessInitializeOnLoadAttributes (212ms)
				ProcessInitializeOnLoadMethodAttributes (13ms)
				AfterProcessingInitializeOnLoad (8ms)
				EditorAssembliesLoaded (0ms)
			ExecutionOrderSort2 (0ms)
			AwakeInstancesAfterBackupRestoration (8ms)
Platform modules already initialized, skipping
Refreshing native plugins compatible for Editor in 0.51 ms, found 3 plugins.
Preloading 0 native plugins for Editor in 0.00 ms.
Unloading 2200 Unused Serialized files (Serialized files now loaded: 0)
System memory in use before: 100.8 MB.
System memory in use after: 100.7 MB.

Unloading 20 unused Assets to reduce memory usage. Loaded Objects now: 2648.
Total: 3.675000 ms (FindLiveObjects: 0.163200 ms CreateObjectMapping: 0.084100 ms MarkObjects: 3.281300 ms  DeleteObjects: 0.145500 ms)

AssetImportParameters requested are different than current active one (requested -> active):
  custom:framework-win-MediaFoundation: 216162199b28c13a410421893ffa2e32 -> 
  custom:video-decoder-ogg-theora: a1e56fd34408186e4bbccfd4996cb3dc -> 
  custom:container-muxer-webm: aa71ff27fc2769a1b78a27578f13a17b -> 
  custom:container-demuxer-webm: 4f35f7cbe854078d1ac9338744f61a02 -> 
  custom:container-demuxer-ogg: 62fdf1f143b41e24485cea50d1cbac27 -> 
  custom:video-encoder-webm-vp8: eb34c28f22e8b96e1ab97ce403110664 -> 
  custom:video-decoder-webm-vp8: 9c59270c3fd7afecdb556c50c9e8de78 -> 
  custom:audio-decoder-ogg-vorbis: bf7c407c2cedff20999df2af8eb42d56 -> 
  custom:audio-encoder-webm-vorbis: bf7c407c2cedff20999df2af8eb42d56 -> 
========================================================================
Received Prepare
Registering precompiled user dll's ...
Registered in 0.003973 seconds.
Begin MonoManager ReloadAssembly
Native extension for WindowsStandalone target not found
Refreshing native plugins compatible for Editor in 0.59 ms, found 3 plugins.
Preloading 0 native plugins for Editor in 0.00 ms.
Mono: successfully reloaded assembly
- Completed reload, in  0.967 seconds
Domain Reload Profiling:
	ReloadAssembly (968ms)
		BeginReloadAssembly (113ms)
			ExecutionOrderSort (0ms)
			DisableScriptedObjects (6ms)
			BackupInstance (0ms)
			ReleaseScriptingObjects (0ms)
			CreateAndSetChildDomain (31ms)
		EndReloadAssembly (795ms)
			LoadAssemblies (98ms)
			RebuildTransferFunctionScriptingTraits (0ms)
			SetupTypeCache (270ms)
			ReleaseScriptCaches (1ms)
			RebuildScriptCaches (55ms)
			SetupLoadedEditorAssemblies (274ms)
				LogAssemblyErrors (0ms)
				InitializePlatformSupportModulesInManaged (4ms)
				SetLoadedEditorAssemblies (0ms)
				RefreshPlugins (1ms)
				BeforeProcessingInitializeOnLoad (62ms)
				ProcessInitializeOnLoadAttributes (188ms)
				ProcessInitializeOnLoadMethodAttributes (11ms)
				AfterProcessingInitializeOnLoad (7ms)
				EditorAssembliesLoaded (0ms)
			ExecutionOrderSort2 (0ms)
			AwakeInstancesAfterBackupRestoration (9ms)
Platform modules already initialized, skipping
Refreshing native plugins compatible for Editor in 0.56 ms, found 3 plugins.
Preloading 0 native plugins for Editor in 0.00 ms.
Unloading 2200 Unused Serialized files (Serialized files now loaded: 0)
System memory in use before: 100.8 MB.
System memory in use after: 100.8 MB.

Unloading 20 unused Assets to reduce memory usage. Loaded Objects now: 2651.
Total: 3.200500 ms (FindLiveObjects: 0.157700 ms CreateObjectMapping: 0.080900 ms MarkObjects: 2.847600 ms  DeleteObjects: 0.113600 ms)

AssetImportParameters requested are different than current active one (requested -> active):
  custom:framework-win-MediaFoundation: 216162199b28c13a410421893ffa2e32 -> 
  custom:video-decoder-ogg-theora: a1e56fd34408186e4bbccfd4996cb3dc -> 
  custom:container-muxer-webm: aa71ff27fc2769a1b78a27578f13a17b -> 
  custom:container-demuxer-webm: 4f35f7cbe854078d1ac9338744f61a02 -> 
  custom:container-demuxer-ogg: 62fdf1f143b41e24485cea50d1cbac27 -> 
  custom:video-encoder-webm-vp8: eb34c28f22e8b96e1ab97ce403110664 -> 
  custom:video-decoder-webm-vp8: 9c59270c3fd7afecdb556c50c9e8de78 -> 
  custom:audio-decoder-ogg-vorbis: bf7c407c2cedff20999df2af8eb42d56 -> 
  custom:audio-encoder-webm-vorbis: bf7c407c2cedff20999df2af8eb42d56 -> 
========================================================================
Received Import Request.
  Time since last request: 102.058510 seconds.
  path: Assets/Scenes/SampleScene.unity
  artifactKey: Guid(b24bdd2f52caaec43900ab74a72bac3d) Importer(815301076,1909f56bfc062723c751e8b465ee728b)
Start importing Assets/Scenes/SampleScene.unity using Guid(b24bdd2f52caaec43900ab74a72bac3d) Importer(815301076,1909f56bfc062723c751e8b465ee728b)  -> (artifact id: '47a4012e81423422315a367b3f0e2993') in 0.004654 seconds 
========================================================================
Received Prepare
Registering precompiled user dll's ...
Registered in 0.004626 seconds.
Begin MonoManager ReloadAssembly
Native extension for WindowsStandalone target not found
Refreshing native plugins compatible for Editor in 0.63 ms, found 3 plugins.
Preloading 0 native plugins for Editor in 0.00 ms.
Mono: successfully reloaded assembly
- Completed reload, in  1.003 seconds
Domain Reload Profiling:
	ReloadAssembly (1004ms)
		BeginReloadAssembly (112ms)
			ExecutionOrderSort (0ms)
			DisableScriptedObjects (6ms)
			BackupInstance (0ms)
			ReleaseScriptingObjects (0ms)
			CreateAndSetChildDomain (31ms)
		EndReloadAssembly (822ms)
			LoadAssemblies (98ms)
			RebuildTransferFunctionScriptingTraits (0ms)
			SetupTypeCache (312ms)
			ReleaseScriptCaches (1ms)
			RebuildScriptCaches (40ms)
			SetupLoadedEditorAssemblies (277ms)
				LogAssemblyErrors (0ms)
				InitializePlatformSupportModulesInManaged (5ms)
				SetLoadedEditorAssemblies (0ms)
				RefreshPlugins (1ms)
				BeforeProcessingInitializeOnLoad (63ms)
				ProcessInitializeOnLoadAttributes (190ms)
				ProcessInitializeOnLoadMethodAttributes (11ms)
				AfterProcessingInitializeOnLoad (7ms)
				EditorAssembliesLoaded (0ms)
			ExecutionOrderSort2 (0ms)
			AwakeInstancesAfterBackupRestoration (8ms)
Platform modules already initialized, skipping
Refreshing native plugins compatible for Editor in 0.50 ms, found 3 plugins.
Preloading 0 native plugins for Editor in 0.00 ms.
Unloading 2200 Unused Serialized files (Serialized files now loaded: 0)
System memory in use before: 100.9 MB.
System memory in use after: 100.9 MB.

Unloading 20 unused Assets to reduce memory usage. Loaded Objects now: 2654.
Total: 3.051000 ms (FindLiveObjects: 0.148900 ms CreateObjectMapping: 0.072800 ms MarkObjects: 2.714000 ms  DeleteObjects: 0.114400 ms)

AssetImportParameters requested are different than current active one (requested -> active):
  custom:framework-win-MediaFoundation: 216162199b28c13a410421893ffa2e32 -> 
  custom:video-decoder-ogg-theora: a1e56fd34408186e4bbccfd4996cb3dc -> 
  custom:container-muxer-webm: aa71ff27fc2769a1b78a27578f13a17b -> 
  custom:container-demuxer-webm: 4f35f7cbe854078d1ac9338744f61a02 -> 
  custom:container-demuxer-ogg: 62fdf1f143b41e24485cea50d1cbac27 -> 
  custom:video-encoder-webm-vp8: eb34c28f22e8b96e1ab97ce403110664 -> 
  custom:video-decoder-webm-vp8: 9c59270c3fd7afecdb556c50c9e8de78 -> 
  custom:audio-decoder-ogg-vorbis: bf7c407c2cedff20999df2af8eb42d56 -> 
  custom:audio-encoder-webm-vorbis: bf7c407c2cedff20999df2af8eb42d56 -> 
========================================================================
Received Import Request.
  Time since last request: 108.985801 seconds.
  path: Assets/Scenes/SampleScene.unity
  artifactKey: Guid(b24bdd2f52caaec43900ab74a72bac3d) Importer(815301076,1909f56bfc062723c751e8b465ee728b)
Start importing Assets/Scenes/SampleScene.unity using Guid(b24bdd2f52caaec43900ab74a72bac3d) Importer(815301076,1909f56bfc062723c751e8b465ee728b)  -> (artifact id: '8fa9a1ef30cf9acb1d3b8893790d03da') in 0.005169 seconds 
========================================================================
Received Import Request.
  Time since last request: 0.545493 seconds.
  path: Assets/Scenes/Samp.unity
  artifactKey: Guid(54d46c0ec4f2d984cac0a08b35fce9f8) Importer(815301076,1909f56bfc062723c751e8b465ee728b)
Start importing Assets/Scenes/Samp.unity using Guid(54d46c0ec4f2d984cac0a08b35fce9f8) Importer(815301076,1909f56bfc062723c751e8b465ee728b)  -> (artifact id: '79e932739d0d3e2837d9ca6b4ba3281f') in 0.001816 seconds 
========================================================================
Received Prepare
Registering precompiled user dll's ...
Registered in 0.004087 seconds.
Begin MonoManager ReloadAssembly
Native extension for WindowsStandalone target not found
Refreshing native plugins compatible for Editor in 0.50 ms, found 3 plugins.
Preloading 0 native plugins for Editor in 0.00 ms.
Mono: successfully reloaded assembly
- Completed reload, in  0.975 seconds
Domain Reload Profiling:
	ReloadAssembly (975ms)
		BeginReloadAssembly (110ms)
			ExecutionOrderSort (0ms)
			DisableScriptedObjects (5ms)
			BackupInstance (0ms)
			ReleaseScriptingObjects (0ms)
			CreateAndSetChildDomain (30ms)
		EndReloadAssembly (806ms)
			LoadAssemblies (97ms)
			RebuildTransferFunctionScriptingTraits (0ms)
			SetupTypeCache (270ms)
			ReleaseScriptCaches (1ms)
			RebuildScriptCaches (59ms)
			SetupLoadedEditorAssemblies (277ms)
				LogAssemblyErrors (0ms)
				InitializePlatformSupportModulesInManaged (4ms)
				SetLoadedEditorAssemblies (0ms)
				RefreshPlugins (1ms)
				BeforeProcessingInitializeOnLoad (61ms)
				ProcessInitializeOnLoadAttributes (192ms)
				ProcessInitializeOnLoadMethodAttributes (11ms)
				AfterProcessingInitializeOnLoad (7ms)
				EditorAssembliesLoaded (0ms)
			ExecutionOrderSort2 (0ms)
			AwakeInstancesAfterBackupRestoration (10ms)
Platform modules already initialized, skipping
Refreshing native plugins compatible for Editor in 0.51 ms, found 3 plugins.
Preloading 0 native plugins for Editor in 0.00 ms.
Unloading 2200 Unused Serialized files (Serialized files now loaded: 0)
System memory in use before: 100.9 MB.
System memory in use after: 100.9 MB.

Unloading 20 unused Assets to reduce memory usage. Loaded Objects now: 2657.
Total: 3.060700 ms (FindLiveObjects: 0.158700 ms CreateObjectMapping: 0.081900 ms MarkObjects: 2.696500 ms  DeleteObjects: 0.122700 ms)

AssetImportParameters requested are different than current active one (requested -> active):
  custom:framework-win-MediaFoundation: 216162199b28c13a410421893ffa2e32 -> 
  custom:video-decoder-ogg-theora: a1e56fd34408186e4bbccfd4996cb3dc -> 
  custom:container-muxer-webm: aa71ff27fc2769a1b78a27578f13a17b -> 
  custom:container-demuxer-webm: 4f35f7cbe854078d1ac9338744f61a02 -> 
  custom:container-demuxer-ogg: 62fdf1f143b41e24485cea50d1cbac27 -> 
  custom:video-encoder-webm-vp8: eb34c28f22e8b96e1ab97ce403110664 -> 
  custom:video-decoder-webm-vp8: 9c59270c3fd7afecdb556c50c9e8de78 -> 
  custom:audio-decoder-ogg-vorbis: bf7c407c2cedff20999df2af8eb42d56 -> 
  custom:audio-encoder-webm-vorbis: bf7c407c2cedff20999df2af8eb42d56 -> 
========================================================================
Received Import Request.
  Time since last request: 51.035711 seconds.
  path: Assets/Scenes/SampleScene.unity
  artifactKey: Guid(b24bdd2f52caaec43900ab74a72bac3d) Importer(815301076,1909f56bfc062723c751e8b465ee728b)
Start importing Assets/Scenes/SampleScene.unity using Guid(b24bdd2f52caaec43900ab74a72bac3d) Importer(815301076,1909f56bfc062723c751e8b465ee728b)  -> (artifact id: '2dbef9bc8172d686db2eddebf71ade49') in 0.004149 seconds 
========================================================================
Received Import Request.
  Time since last request: 6.836709 seconds.
  path: Assets/Scenes/Rooms.unity
  artifactKey: Guid(54d46c0ec4f2d984cac0a08b35fce9f8) Importer(815301076,1909f56bfc062723c751e8b465ee728b)
Start importing Assets/Scenes/Rooms.unity using Guid(54d46c0ec4f2d984cac0a08b35fce9f8) Importer(815301076,1909f56bfc062723c751e8b465ee728b)  -> (artifact id: 'c0f6c4a0f61f919e26a14d0e72215b5f') in 0.002214 seconds 
========================================================================
Received Import Request.
  Time since last request: 5675.820051 seconds.
  path: Assets/Tiles/Forest/Forest.prefab
  artifactKey: Guid(8f263c77960789341802bafcacc64ed6) Importer(815301076,1909f56bfc062723c751e8b465ee728b)
Start importing Assets/Tiles/Forest/Forest.prefab using Guid(8f263c77960789341802bafcacc64ed6) Importer(815301076,1909f56bfc062723c751e8b465ee728b)  -> (artifact id: '4392121b99c9bbb8692935ee18729200') in 0.065292 seconds 
========================================================================
Received Import Request.
  Time since last request: 62.586696 seconds.
  path: Assets/Tiles/Snowdin/Tile3.png
  artifactKey: Guid(71abd3ba96320cf438139cbba128b4da) Importer(815301076,1909f56bfc062723c751e8b465ee728b)
Start importing Assets/Tiles/Snowdin/Tile3.png using Guid(71abd3ba96320cf438139cbba128b4da) Importer(815301076,1909f56bfc062723c751e8b465ee728b)  -> (artifact id: '7042116ac5290a307a1618ea02d3bdbd') in 0.036415 seconds 
========================================================================
Received Import Request.
  Time since last request: 2.185283 seconds.
  path: Assets/Tiles/Snowdin/Tile4.png
  artifactKey: Guid(c49e23066d3bf394fa53ed06fb0be48b) Importer(815301076,1909f56bfc062723c751e8b465ee728b)
Start importing Assets/Tiles/Snowdin/Tile4.png using Guid(c49e23066d3bf394fa53ed06fb0be48b) Importer(815301076,1909f56bfc062723c751e8b465ee728b)  -> (artifact id: '186c8ee0d2adafd785465fc95a15cd41') in 0.010231 seconds 
========================================================================
Received Import Request.
  Time since last request: 40.551631 seconds.
  path: Assets/Tiles/Forest/Wall4.asset
  artifactKey: Guid(43cf9986829ad6842b9e3eb4cdb6998a) Importer(815301076,1909f56bfc062723c751e8b465ee728b)
Start importing Assets/Tiles/Forest/Wall4.asset using Guid(43cf9986829ad6842b9e3eb4cdb6998a) Importer(815301076,1909f56bfc062723c751e8b465ee728b)  -> (artifact id: '5fa6bafc656666a21233d797b40d68f5') in 0.041669 seconds 
========================================================================
Received Prepare
Registering precompiled user dll's ...
Registered in 0.004522 seconds.
Begin MonoManager ReloadAssembly
Native extension for WindowsStandalone target not found
Refreshing native plugins compatible for Editor in 0.91 ms, found 3 plugins.
Preloading 0 native plugins for Editor in 0.00 ms.
Mono: successfully reloaded assembly
- Completed reload, in  1.471 seconds
Domain Reload Profiling:
	ReloadAssembly (1471ms)
		BeginReloadAssembly (163ms)
			ExecutionOrderSort (0ms)
			DisableScriptedObjects (9ms)
			BackupInstance (0ms)
			ReleaseScriptingObjects (0ms)
			CreateAndSetChildDomain (46ms)
		EndReloadAssembly (1181ms)
			LoadAssemblies (152ms)
			RebuildTransferFunctionScriptingTraits (0ms)
			SetupTypeCache (418ms)
			ReleaseScriptCaches (1ms)
			RebuildScriptCaches (54ms)
			SetupLoadedEditorAssemblies (442ms)
				LogAssemblyErrors (0ms)
				InitializePlatformSupportModulesInManaged (5ms)
				SetLoadedEditorAssemblies (1ms)
				RefreshPlugins (1ms)
				BeforeProcessingInitializeOnLoad (85ms)
				ProcessInitializeOnLoadAttributes (324ms)
				ProcessInitializeOnLoadMethodAttributes (17ms)
				AfterProcessingInitializeOnLoad (9ms)
				EditorAssembliesLoaded (0ms)
			ExecutionOrderSort2 (0ms)
			AwakeInstancesAfterBackupRestoration (11ms)
Platform modules already initialized, skipping
Refreshing native plugins compatible for Editor in 1.23 ms, found 3 plugins.
Preloading 0 native plugins for Editor in 0.00 ms.
Unloading 2200 Unused Serialized files (Serialized files now loaded: 0)
System memory in use before: 101.0 MB.
System memory in use after: 101.0 MB.

Unloading 20 unused Assets to reduce memory usage. Loaded Objects now: 2666.
Total: 3.580600 ms (FindLiveObjects: 0.352300 ms CreateObjectMapping: 0.167100 ms MarkObjects: 2.928400 ms  DeleteObjects: 0.131300 ms)

AssetImportParameters requested are different than current active one (requested -> active):
  custom:framework-win-MediaFoundation: 216162199b28c13a410421893ffa2e32 -> 
  custom:video-decoder-ogg-theora: a1e56fd34408186e4bbccfd4996cb3dc -> 
  custom:container-muxer-webm: aa71ff27fc2769a1b78a27578f13a17b -> 
  custom:container-demuxer-webm: 4f35f7cbe854078d1ac9338744f61a02 -> 
  custom:container-demuxer-ogg: 62fdf1f143b41e24485cea50d1cbac27 -> 
  custom:video-encoder-webm-vp8: eb34c28f22e8b96e1ab97ce403110664 -> 
  custom:video-decoder-webm-vp8: 9c59270c3fd7afecdb556c50c9e8de78 -> 
  custom:audio-decoder-ogg-vorbis: bf7c407c2cedff20999df2af8eb42d56 -> 
  custom:audio-encoder-webm-vorbis: bf7c407c2cedff20999df2af8eb42d56 -> 
AssetImportWorkerClient::OnTransportError - code=2 error=End of file
